{"C:\\Users\\user\\Desktop\\coding_projects\\logger\\build\\index.js": {"path":"C:\\Users\\user\\Desktop\\coding_projects\\logger\\build\\index.js","all":false,"statementMap":{"0":{"start":{"line":1,"column":0},"end":{"line":1,"column":13}},"1":{"start":{"line":2,"column":0},"end":{"line":2,"column":58}},"2":{"start":{"line":3,"column":0},"end":{"line":3,"column":41}},"3":{"start":{"line":4,"column":0},"end":{"line":4,"column":48}},"4":{"start":{"line":5,"column":0},"end":{"line":5,"column":91}},"5":{"start":{"line":6,"column":0},"end":{"line":6,"column":110}},"6":{"start":{"line":7,"column":0},"end":{"line":7,"column":35}},"7":{"start":{"line":8,"column":0},"end":{"line":8,"column":6}},"8":{"start":{"line":9,"column":0},"end":{"line":9,"column":28}},"9":{"start":{"line":10,"column":0},"end":{"line":10,"column":50}},"10":{"start":{"line":11,"column":0},"end":{"line":11,"column":102}},"11":{"start":{"line":12,"column":0},"end":{"line":12,"column":28}},"12":{"start":{"line":13,"column":0},"end":{"line":13,"column":47}},"13":{"start":{"line":14,"column":0},"end":{"line":14,"column":93}},"14":{"start":{"line":15,"column":0},"end":{"line":15,"column":6}},"15":{"start":{"line":16,"column":0},"end":{"line":16,"column":5}},"16":{"start":{"line":17,"column":0},"end":{"line":17,"column":73}},"17":{"start":{"line":18,"column":0},"end":{"line":18,"column":70}},"18":{"start":{"line":19,"column":0},"end":{"line":19,"column":24}},"19":{"start":{"line":20,"column":0},"end":{"line":20,"column":14}},"20":{"start":{"line":21,"column":0},"end":{"line":21,"column":2}},"21":{"start":{"line":22,"column":0},"end":{"line":22,"column":72}},"22":{"start":{"line":23,"column":0},"end":{"line":23,"column":62}},"23":{"start":{"line":24,"column":0},"end":{"line":24,"column":2}},"24":{"start":{"line":25,"column":0},"end":{"line":25,"column":48}},"25":{"start":{"line":26,"column":0},"end":{"line":26,"column":46}},"26":{"start":{"line":27,"column":0},"end":{"line":27,"column":50}},"27":{"start":{"line":28,"column":0},"end":{"line":28,"column":39}},"28":{"start":{"line":29,"column":0},"end":{"line":29,"column":36}},"29":{"start":{"line":30,"column":0},"end":{"line":30,"column":29}},"30":{"start":{"line":31,"column":0},"end":{"line":31,"column":72}},"31":{"start":{"line":32,"column":0},"end":{"line":32,"column":5}},"32":{"start":{"line":33,"column":0},"end":{"line":33,"column":24}},"33":{"start":{"line":34,"column":0},"end":{"line":34,"column":21}},"34":{"start":{"line":35,"column":0},"end":{"line":35,"column":32}},"35":{"start":{"line":36,"column":0},"end":{"line":36,"column":33}},"36":{"start":{"line":37,"column":0},"end":{"line":37,"column":37}},"37":{"start":{"line":38,"column":0},"end":{"line":38,"column":39}},"38":{"start":{"line":39,"column":0},"end":{"line":39,"column":24}},"39":{"start":{"line":40,"column":0},"end":{"line":40,"column":9}},"40":{"start":{"line":41,"column":0},"end":{"line":41,"column":76}},"41":{"start":{"line":42,"column":0},"end":{"line":42,"column":7}},"42":{"start":{"line":43,"column":0},"end":{"line":43,"column":2}},"43":{"start":{"line":44,"column":0},"end":{"line":44,"column":58}},"44":{"start":{"line":45,"column":0},"end":{"line":45,"column":184}},"45":{"start":{"line":46,"column":0},"end":{"line":46,"column":2}},"46":{"start":{"line":47,"column":0},"end":{"line":47,"column":47}},"47":{"start":{"line":48,"column":0},"end":{"line":48,"column":92}},"48":{"start":{"line":49,"column":0},"end":{"line":49,"column":91}},"49":{"start":{"line":50,"column":0},"end":{"line":50,"column":2}},"50":{"start":{"line":51,"column":0},"end":{"line":51,"column":23}},"51":{"start":{"line":52,"column":0},"end":{"line":52,"column":18}},"52":{"start":{"line":53,"column":0},"end":{"line":53,"column":51}},"53":{"start":{"line":54,"column":0},"end":{"line":54,"column":33}},"54":{"start":{"line":55,"column":0},"end":{"line":55,"column":5}},"55":{"start":{"line":56,"column":0},"end":{"line":56,"column":43}},"56":{"start":{"line":57,"column":0},"end":{"line":57,"column":70}},"57":{"start":{"line":58,"column":0},"end":{"line":58,"column":2}},"58":{"start":{"line":59,"column":0},"end":{"line":59,"column":24}},"59":{"start":{"line":60,"column":0},"end":{"line":60,"column":18}},"60":{"start":{"line":61,"column":0},"end":{"line":61,"column":51}},"61":{"start":{"line":62,"column":0},"end":{"line":62,"column":33}},"62":{"start":{"line":63,"column":0},"end":{"line":63,"column":5}},"63":{"start":{"line":64,"column":0},"end":{"line":64,"column":45}},"64":{"start":{"line":65,"column":0},"end":{"line":65,"column":71}},"65":{"start":{"line":66,"column":0},"end":{"line":66,"column":2}},"66":{"start":{"line":67,"column":0},"end":{"line":67,"column":25}},"67":{"start":{"line":68,"column":0},"end":{"line":68,"column":18}},"68":{"start":{"line":69,"column":0},"end":{"line":69,"column":51}},"69":{"start":{"line":70,"column":0},"end":{"line":70,"column":33}},"70":{"start":{"line":71,"column":0},"end":{"line":71,"column":5}},"71":{"start":{"line":72,"column":0},"end":{"line":72,"column":47}},"72":{"start":{"line":73,"column":0},"end":{"line":73,"column":72}},"73":{"start":{"line":74,"column":0},"end":{"line":74,"column":2}},"74":{"start":{"line":75,"column":0},"end":{"line":75,"column":25}},"75":{"start":{"line":76,"column":0},"end":{"line":76,"column":18}},"76":{"start":{"line":77,"column":0},"end":{"line":77,"column":51}},"77":{"start":{"line":78,"column":0},"end":{"line":78,"column":33}},"78":{"start":{"line":79,"column":0},"end":{"line":79,"column":5}},"79":{"start":{"line":80,"column":0},"end":{"line":80,"column":47}},"80":{"start":{"line":81,"column":0},"end":{"line":81,"column":72}},"81":{"start":{"line":82,"column":0},"end":{"line":82,"column":2}},"82":{"start":{"line":83,"column":0},"end":{"line":83,"column":24}},"83":{"start":{"line":84,"column":0},"end":{"line":84,"column":18}},"84":{"start":{"line":85,"column":0},"end":{"line":85,"column":51}},"85":{"start":{"line":86,"column":0},"end":{"line":86,"column":33}},"86":{"start":{"line":87,"column":0},"end":{"line":87,"column":5}},"87":{"start":{"line":88,"column":0},"end":{"line":88,"column":45}},"88":{"start":{"line":89,"column":0},"end":{"line":89,"column":73}},"89":{"start":{"line":90,"column":0},"end":{"line":90,"column":2}},"90":{"start":{"line":91,"column":0},"end":{"line":91,"column":25}},"91":{"start":{"line":92,"column":0},"end":{"line":92,"column":18}},"92":{"start":{"line":93,"column":0},"end":{"line":93,"column":51}},"93":{"start":{"line":94,"column":0},"end":{"line":94,"column":33}},"94":{"start":{"line":95,"column":0},"end":{"line":95,"column":5}},"95":{"start":{"line":96,"column":0},"end":{"line":96,"column":47}},"96":{"start":{"line":97,"column":0},"end":{"line":97,"column":74}},"97":{"start":{"line":98,"column":0},"end":{"line":98,"column":2}},"98":{"start":{"line":99,"column":0},"end":{"line":99,"column":25}},"99":{"start":{"line":100,"column":0},"end":{"line":100,"column":32}},"100":{"start":{"line":101,"column":0},"end":{"line":101,"column":20}},"101":{"start":{"line":102,"column":0},"end":{"line":102,"column":2}},"102":{"start":{"line":103,"column":0},"end":{"line":103,"column":18}},"103":{"start":{"line":104,"column":0},"end":{"line":104,"column":19}},"104":{"start":{"line":105,"column":0},"end":{"line":105,"column":13}},"105":{"start":{"line":106,"column":0},"end":{"line":106,"column":15}},"106":{"start":{"line":107,"column":0},"end":{"line":107,"column":17}},"107":{"start":{"line":108,"column":0},"end":{"line":108,"column":17}},"108":{"start":{"line":109,"column":0},"end":{"line":109,"column":15}},"109":{"start":{"line":110,"column":0},"end":{"line":110,"column":17}},"110":{"start":{"line":111,"column":0},"end":{"line":111,"column":16}},"111":{"start":{"line":112,"column":0},"end":{"line":112,"column":2}}},"s":{"0":1,"1":1,"2":1,"3":1,"4":0,"5":0,"6":1,"7":1,"8":1,"9":1,"10":1,"11":1,"12":1,"13":1,"14":1,"15":1,"16":1,"17":7,"18":7,"19":7,"20":7,"21":1,"22":3,"23":3,"24":1,"25":1,"26":1,"27":1,"28":1,"29":1,"30":1,"31":1,"32":1,"33":1,"34":1,"35":1,"36":7,"37":7,"38":6,"39":6,"40":1,"41":1,"42":7,"43":1,"44":7,"45":7,"46":1,"47":7,"48":7,"49":7,"50":1,"51":2,"52":2,"53":2,"54":2,"55":2,"56":2,"57":2,"58":1,"59":1,"60":1,"61":1,"62":1,"63":1,"64":1,"65":1,"66":1,"67":1,"68":1,"69":1,"70":1,"71":1,"72":1,"73":1,"74":1,"75":1,"76":1,"77":1,"78":1,"79":1,"80":1,"81":1,"82":1,"83":1,"84":1,"85":1,"86":1,"87":1,"88":1,"89":1,"90":1,"91":1,"92":1,"93":1,"94":1,"95":1,"96":1,"97":1,"98":1,"99":1,"100":1,"101":1,"102":1,"103":1,"104":1,"105":1,"106":1,"107":1,"108":1,"109":1,"110":1,"111":1},"branchMap":{"0":{"type":"branch","line":2,"loc":{"start":{"line":2,"column":45},"end":{"line":16,"column":5}},"locations":[{"start":{"line":2,"column":45},"end":{"line":16,"column":5}}]},"1":{"type":"branch","line":3,"loc":{"start":{"line":3,"column":24},"end":{"line":8,"column":6}},"locations":[{"start":{"line":3,"column":24},"end":{"line":8,"column":6}}]},"2":{"type":"branch","line":4,"loc":{"start":{"line":4,"column":24},"end":{"line":5,"column":91}},"locations":[{"start":{"line":4,"column":24},"end":{"line":5,"column":91}}]},"3":{"type":"branch","line":5,"loc":{"start":{"line":5,"column":87},"end":{"line":6,"column":110}},"locations":[{"start":{"line":5,"column":87},"end":{"line":6,"column":110}}]},"4":{"type":"branch","line":9,"loc":{"start":{"line":9,"column":11},"end":{"line":15,"column":6}},"locations":[{"start":{"line":9,"column":11},"end":{"line":15,"column":6}}]},"5":{"type":"branch","line":10,"loc":{"start":{"line":10,"column":12},"end":{"line":10,"column":50}},"locations":[{"start":{"line":10,"column":12},"end":{"line":10,"column":50}}]},"6":{"type":"branch","line":11,"loc":{"start":{"line":11,"column":12},"end":{"line":11,"column":18}},"locations":[{"start":{"line":11,"column":12},"end":{"line":11,"column":18}}]},"7":{"type":"branch","line":14,"loc":{"start":{"line":14,"column":22},"end":{"line":14,"column":41}},"locations":[{"start":{"line":14,"column":22},"end":{"line":14,"column":41}}]},"8":{"type":"branch","line":13,"loc":{"start":{"line":13,"column":8},"end":{"line":13,"column":47}},"locations":[{"start":{"line":13,"column":8},"end":{"line":13,"column":47}}]},"9":{"type":"branch","line":17,"loc":{"start":{"line":17,"column":52},"end":{"line":21,"column":2}},"locations":[{"start":{"line":17,"column":52},"end":{"line":21,"column":2}}]},"10":{"type":"branch","line":22,"loc":{"start":{"line":22,"column":56},"end":{"line":24,"column":2}},"locations":[{"start":{"line":22,"column":56},"end":{"line":24,"column":2}}]},"11":{"type":"branch","line":23,"loc":{"start":{"line":23,"column":11},"end":{"line":23,"column":43}},"locations":[{"start":{"line":23,"column":11},"end":{"line":23,"column":43}}]},"12":{"type":"branch","line":28,"loc":{"start":{"line":28,"column":20},"end":{"line":34,"column":2}},"locations":[{"start":{"line":28,"column":20},"end":{"line":34,"column":2}}]},"13":{"type":"branch","line":30,"loc":{"start":{"line":30,"column":4},"end":{"line":32,"column":5}},"locations":[{"start":{"line":30,"column":4},"end":{"line":32,"column":5}}]},"14":{"type":"branch","line":36,"loc":{"start":{"line":36,"column":16},"end":{"line":43,"column":2}},"locations":[{"start":{"line":36,"column":16},"end":{"line":43,"column":2}}]},"15":{"type":"branch","line":37,"loc":{"start":{"line":37,"column":20},"end":{"line":42,"column":7}},"locations":[{"start":{"line":37,"column":20},"end":{"line":42,"column":7}}]},"16":{"type":"branch","line":38,"loc":{"start":{"line":38,"column":38},"end":{"line":40,"column":9}},"locations":[{"start":{"line":38,"column":38},"end":{"line":40,"column":9}}]},"17":{"type":"branch","line":41,"loc":{"start":{"line":41,"column":-2},"end":{"line":42,"column":7}},"locations":[{"start":{"line":41,"column":-2},"end":{"line":42,"column":7}}]},"18":{"type":"branch","line":44,"loc":{"start":{"line":44,"column":21},"end":{"line":46,"column":2}},"locations":[{"start":{"line":44,"column":21},"end":{"line":46,"column":2}}]},"19":{"type":"branch","line":47,"loc":{"start":{"line":47,"column":16},"end":{"line":50,"column":2}},"locations":[{"start":{"line":47,"column":16},"end":{"line":50,"column":2}}]},"20":{"type":"branch","line":51,"loc":{"start":{"line":51,"column":10},"end":{"line":58,"column":2}},"locations":[{"start":{"line":51,"column":10},"end":{"line":58,"column":2}}]},"21":{"type":"branch","line":59,"loc":{"start":{"line":59,"column":11},"end":{"line":66,"column":2}},"locations":[{"start":{"line":59,"column":11},"end":{"line":66,"column":2}}]},"22":{"type":"branch","line":67,"loc":{"start":{"line":67,"column":12},"end":{"line":74,"column":2}},"locations":[{"start":{"line":67,"column":12},"end":{"line":74,"column":2}}]},"23":{"type":"branch","line":75,"loc":{"start":{"line":75,"column":12},"end":{"line":82,"column":2}},"locations":[{"start":{"line":75,"column":12},"end":{"line":82,"column":2}}]},"24":{"type":"branch","line":83,"loc":{"start":{"line":83,"column":11},"end":{"line":90,"column":2}},"locations":[{"start":{"line":83,"column":11},"end":{"line":90,"column":2}}]},"25":{"type":"branch","line":91,"loc":{"start":{"line":91,"column":12},"end":{"line":98,"column":2}},"locations":[{"start":{"line":91,"column":12},"end":{"line":98,"column":2}}]},"26":{"type":"branch","line":99,"loc":{"start":{"line":99,"column":12},"end":{"line":102,"column":2}},"locations":[{"start":{"line":99,"column":12},"end":{"line":102,"column":2}}]}},"b":{"0":[1],"1":[1],"2":[0],"3":[0],"4":[1],"5":[0],"6":[0],"7":[0],"8":[1],"9":[7],"10":[3],"11":[0],"12":[1],"13":[1],"14":[7],"15":[7],"16":[6],"17":[1],"18":[7],"19":[7],"20":[2],"21":[1],"22":[1],"23":[1],"24":[1],"25":[1],"26":[1]},"fnMap":{"0":{"name":"extendStatics","decl":{"start":{"line":3,"column":24},"end":{"line":8,"column":6}},"loc":{"start":{"line":3,"column":24},"end":{"line":8,"column":6}},"line":3},"1":{"name":"extendStatics","decl":{"start":{"line":5,"column":51},"end":{"line":5,"column":91}},"loc":{"start":{"line":5,"column":51},"end":{"line":5,"column":91}},"line":5},"2":{"name":"extendStatics","decl":{"start":{"line":6,"column":12},"end":{"line":6,"column":110}},"loc":{"start":{"line":6,"column":12},"end":{"line":6,"column":110}},"line":6},"3":{"name":"__","decl":{"start":{"line":13,"column":8},"end":{"line":13,"column":47}},"loc":{"start":{"line":13,"column":8},"end":{"line":13,"column":47}},"line":13},"4":{"name":"Object.<anonymous>.__spreadArray","decl":{"start":{"line":17,"column":52},"end":{"line":21,"column":2}},"loc":{"start":{"line":17,"column":52},"end":{"line":21,"column":2}},"line":17},"5":{"name":"Object.<anonymous>.__importDefault","decl":{"start":{"line":22,"column":56},"end":{"line":24,"column":2}},"loc":{"start":{"line":22,"column":56},"end":{"line":24,"column":2}},"line":22},"6":{"name":"loggerEvents","decl":{"start":{"line":30,"column":4},"end":{"line":32,"column":5}},"loc":{"start":{"line":30,"column":4},"end":{"line":32,"column":5}},"line":30},"7":{"name":"parseargs","decl":{"start":{"line":36,"column":16},"end":{"line":43,"column":2}},"loc":{"start":{"line":36,"column":16},"end":{"line":43,"column":2}},"line":36},"8":{"name":"prepareMessage","decl":{"start":{"line":44,"column":21},"end":{"line":46,"column":2}},"loc":{"start":{"line":44,"column":21},"end":{"line":46,"column":2}},"line":44},"9":{"name":"emitEvent","decl":{"start":{"line":47,"column":16},"end":{"line":50,"column":2}},"loc":{"start":{"line":47,"column":16},"end":{"line":50,"column":2}},"line":47},"10":{"name":"log","decl":{"start":{"line":51,"column":10},"end":{"line":58,"column":2}},"loc":{"start":{"line":51,"column":10},"end":{"line":58,"column":2}},"line":51},"11":{"name":"info","decl":{"start":{"line":59,"column":11},"end":{"line":66,"column":2}},"loc":{"start":{"line":59,"column":11},"end":{"line":66,"column":2}},"line":59},"12":{"name":"error","decl":{"start":{"line":67,"column":12},"end":{"line":74,"column":2}},"loc":{"start":{"line":67,"column":12},"end":{"line":74,"column":2}},"line":67},"13":{"name":"fatal","decl":{"start":{"line":75,"column":12},"end":{"line":82,"column":2}},"loc":{"start":{"line":75,"column":12},"end":{"line":82,"column":2}},"line":75},"14":{"name":"warn","decl":{"start":{"line":83,"column":11},"end":{"line":90,"column":2}},"loc":{"start":{"line":83,"column":11},"end":{"line":90,"column":2}},"line":83},"15":{"name":"debug","decl":{"start":{"line":91,"column":12},"end":{"line":98,"column":2}},"loc":{"start":{"line":91,"column":12},"end":{"line":98,"column":2}},"line":91},"16":{"name":"clear","decl":{"start":{"line":99,"column":12},"end":{"line":102,"column":2}},"loc":{"start":{"line":99,"column":12},"end":{"line":102,"column":2}},"line":99}},"f":{"0":1,"1":0,"2":0,"3":1,"4":7,"5":3,"6":1,"7":7,"8":7,"9":7,"10":2,"11":1,"12":1,"13":1,"14":1,"15":1,"16":1}}
}
