TN:
SF:build\index.js
FN:3,extendStatics
FN:5,extendStatics
FN:6,extendStatics
FN:13,__
FN:17,Object.<anonymous>.__spreadArray
FN:22,Object.<anonymous>.__importDefault
FN:30,loggerEvents
FN:36,parseargs
FN:44,prepareMessage
FN:47,emitEvent
FN:51,log
FN:59,info
FN:67,error
FN:75,fatal
FN:83,warn
FN:91,debug
FN:99,clear
FNF:17
FNH:15
FNDA:1,extendStatics
FNDA:0,extendStatics
FNDA:0,extendStatics
FNDA:1,__
FNDA:7,Object.<anonymous>.__spreadArray
FNDA:3,Object.<anonymous>.__importDefault
FNDA:1,loggerEvents
FNDA:7,parseargs
FNDA:7,prepareMessage
FNDA:7,emitEvent
FNDA:2,log
FNDA:1,info
FNDA:1,error
FNDA:1,fatal
FNDA:1,warn
FNDA:1,debug
FNDA:1,clear
DA:1,1
DA:2,1
DA:3,1
DA:4,1
DA:5,0
DA:6,0
DA:7,1
DA:8,1
DA:9,1
DA:10,1
DA:11,1
DA:12,1
DA:13,1
DA:14,1
DA:15,1
DA:16,1
DA:17,1
DA:18,7
DA:19,7
DA:20,7
DA:21,7
DA:22,1
DA:23,3
DA:24,3
DA:25,1
DA:26,1
DA:27,1
DA:28,1
DA:29,1
DA:30,1
DA:31,1
DA:32,1
DA:33,1
DA:34,1
DA:35,1
DA:36,1
DA:37,7
DA:38,7
DA:39,6
DA:40,6
DA:41,1
DA:42,1
DA:43,7
DA:44,1
DA:45,7
DA:46,7
DA:47,1
DA:48,7
DA:49,7
DA:50,7
DA:51,1
DA:52,2
DA:53,2
DA:54,2
DA:55,2
DA:56,2
DA:57,2
DA:58,2
DA:59,1
DA:60,1
DA:61,1
DA:62,1
DA:63,1
DA:64,1
DA:65,1
DA:66,1
DA:67,1
DA:68,1
DA:69,1
DA:70,1
DA:71,1
DA:72,1
DA:73,1
DA:74,1
DA:75,1
DA:76,1
DA:77,1
DA:78,1
DA:79,1
DA:80,1
DA:81,1
DA:82,1
DA:83,1
DA:84,1
DA:85,1
DA:86,1
DA:87,1
DA:88,1
DA:89,1
DA:90,1
DA:91,1
DA:92,1
DA:93,1
DA:94,1
DA:95,1
DA:96,1
DA:97,1
DA:98,1
DA:99,1
DA:100,1
DA:101,1
DA:102,1
DA:103,1
DA:104,1
DA:105,1
DA:106,1
DA:107,1
DA:108,1
DA:109,1
DA:110,1
DA:111,1
DA:112,1
LF:112
LH:110
BRDA:2,0,0,1
BRDA:3,1,0,1
BRDA:4,2,0,0
BRDA:5,3,0,0
BRDA:9,4,0,1
BRDA:10,5,0,0
BRDA:11,6,0,0
BRDA:14,7,0,0
BRDA:13,8,0,1
BRDA:17,9,0,7
BRDA:22,10,0,3
BRDA:23,11,0,0
BRDA:28,12,0,1
BRDA:30,13,0,1
BRDA:36,14,0,7
BRDA:37,15,0,7
BRDA:38,16,0,6
BRDA:41,17,0,1
BRDA:44,18,0,7
BRDA:47,19,0,7
BRDA:51,20,0,2
BRDA:59,21,0,1
BRDA:67,22,0,1
BRDA:75,23,0,1
BRDA:83,24,0,1
BRDA:91,25,0,1
BRDA:99,26,0,1
BRF:27
BRH:21
end_of_record
